[debug] [2018-05-09T09:12:33.894Z] ----------------------------------------------------------------------
[debug] [2018-05-09T09:12:33.896Z] Command:       /Users/bmoulia/.nvm/versions/node/v8.9.0/bin/node /Users/bmoulia/.nvm/versions/node/v8.9.0/bin/firebase deploy --only functions
[debug] [2018-05-09T09:12:33.897Z] CLI Version:   3.18.4
[debug] [2018-05-09T09:12:33.897Z] Platform:      darwin
[debug] [2018-05-09T09:12:33.897Z] Node Version:  v8.9.0
[debug] [2018-05-09T09:12:33.898Z] Time:          Wed May 09 2018 11:12:33 GMT+0200 (CEST)
[debug] [2018-05-09T09:12:33.898Z] ----------------------------------------------------------------------
[debug] 
[debug] [2018-05-09T09:12:33.917Z] > command requires scopes: ["email","openid","https://www.googleapis.com/auth/cloudplatformprojects.readonly","https://www.googleapis.com/auth/firebase","https://www.googleapis.com/auth/cloud-platform"]
[debug] [2018-05-09T09:12:33.918Z] > authorizing via signed-in user
[debug] [2018-05-09T09:12:33.920Z] >>> HTTP REQUEST GET https://admin.firebase.com/v1/projects/space-race-3ea43  
  
 Wed May 09 2018 11:12:33 GMT+0200 (CEST)
[debug] [2018-05-09T09:12:34.558Z] <<< HTTP RESPONSE 200
[debug] [2018-05-09T09:12:34.559Z] >>> HTTP REQUEST GET https://admin.firebase.com/v1/database/space-race-3ea43/tokens  
  
 Wed May 09 2018 11:12:34 GMT+0200 (CEST)
[debug] [2018-05-09T09:12:35.085Z] <<< HTTP RESPONSE 200
[info] 
[info] === Deploying to 'space-race-3ea43'...
[info] 
[info] i  deploying functions
[info] Running command: npm --prefix "$RESOURCE_DIR" run lint
[info] Running command: npm --prefix "$RESOURCE_DIR" run build
[info] ✔  functions: Finished running predeploy script.
[debug] [2018-05-09T09:12:47.324Z] > [functions] package.json contents: {
  "name": "functions",
  "scripts": {
    "lint": "tslint --project tsconfig.json",
    "build": "tsc",
    "serve": "npm run build && firebase serve --only functions",
    "shell": "npm run build && firebase functions:shell",
    "start": "npm run shell",
    "deploy": "firebase deploy --only functions",
    "logs": "firebase functions:log"
  },
  "main": "lib/index.js",
  "dependencies": {
    "firebase-admin": "~5.12.0",
    "firebase-functions": "^1.0.1"
  },
  "devDependencies": {
    "tslint": "^5.8.0",
    "typescript": "^2.5.3"
  },
  "private": true
}
[info] i  functions: ensuring necessary APIs are enabled...
[debug] [2018-05-09T09:12:47.326Z] >>> HTTP REQUEST GET https://servicemanagement.googleapis.com/v1/services/cloudfunctions.googleapis.com/projectSettings/space-race-3ea43?view=CONSUMER_VIEW  
  
 Wed May 09 2018 11:12:47 GMT+0200 (CEST)
[debug] [2018-05-09T09:12:47.327Z] >>> HTTP REQUEST GET https://servicemanagement.googleapis.com/v1/services/runtimeconfig.googleapis.com/projectSettings/space-race-3ea43?view=CONSUMER_VIEW  
  
 Wed May 09 2018 11:12:47 GMT+0200 (CEST)
[debug] [2018-05-09T09:12:48.371Z] <<< HTTP RESPONSE 200
[debug] [2018-05-09T09:12:48.372Z] <<< HTTP RESPONSE 200
[info] ✔  functions: all necessary APIs are enabled
[debug] [2018-05-09T09:12:48.374Z] >>> HTTP REQUEST GET https://cloudresourcemanager.googleapis.com/v1/projects/space-race-3ea43  
  
 Wed May 09 2018 11:12:48 GMT+0200 (CEST)
[debug] [2018-05-09T09:12:49.069Z] <<< HTTP RESPONSE 200
[debug] [2018-05-09T09:12:49.070Z] >>> HTTP REQUEST GET https://mobilesdk-pa.googleapis.com/v1/projects/878756379699:getServerAppConfig  
  
 Wed May 09 2018 11:12:49 GMT+0200 (CEST)
[debug] [2018-05-09T09:12:49.542Z] <<< HTTP RESPONSE 200
[info] i  functions: preparing functions directory for uploading...
[debug] [2018-05-09T09:12:49.544Z] >>> HTTP REQUEST GET https://runtimeconfig.googleapis.com/v1beta1/projects/space-race-3ea43/configs  
  
 Wed May 09 2018 11:12:49 GMT+0200 (CEST)
[debug] [2018-05-09T09:12:49.811Z] <<< HTTP RESPONSE 200
[info] i  functions: packaged functions (44.56 KB) for uploading
[debug] [2018-05-09T09:12:50.761Z] >>> HTTP REQUEST POST https://cloudfunctions.googleapis.com/v1/projects/space-race-3ea43/locations/us-central1/functions:generateUploadUrl  
  
 Wed May 09 2018 11:12:50 GMT+0200 (CEST)
[debug] [2018-05-09T09:13:20.864Z] <<< HTTP RESPONSE 503
[debug] [2018-05-09T09:13:20.864Z] <<< HTTP RESPONSE BODY {
  "error": {
    "code": 503,
    "message": "The service is currently unavailable.",
    "status": "UNAVAILABLE"
  }
}

[debug] [2018-05-09T09:13:20.868Z] TypeError: Cannot create property 'error' on string '{
  "error": {
    "code": 503,
    "message": "The service is currently unavailable.",
    "status": "UNAVAILABLE"
  }
}
'
    at module.exports (/Users/bmoulia/.nvm/versions/node/v8.9.0/lib/node_modules/firebase-tools/lib/responseToError.js:11:16)
    at Request._callback (/Users/bmoulia/.nvm/versions/node/v8.9.0/lib/node_modules/firebase-tools/lib/api.js:47:25)
    at Request.self.callback (/Users/bmoulia/.nvm/versions/node/v8.9.0/lib/node_modules/firebase-tools/node_modules/request/request.js:186:22)
    at emitTwo (events.js:126:13)
    at Request.emit (events.js:214:7)
    at Request.<anonymous> (/Users/bmoulia/.nvm/versions/node/v8.9.0/lib/node_modules/firebase-tools/node_modules/request/request.js:1163:10)
    at emitOne (events.js:116:13)
    at Request.emit (events.js:211:7)
    at IncomingMessage.<anonymous> (/Users/bmoulia/.nvm/versions/node/v8.9.0/lib/node_modules/firebase-tools/node_modules/request/request.js:1085:12)
    at Object.onceWrapper (events.js:313:30)
[error] 
[error] Error: An unexpected error has occurred.
